[debug] [2025-02-21T09:34:21.679Z] ----------------------------------------------------------------------
[debug] [2025-02-21T09:34:21.682Z] Command:       C:\Program Files\nodejs\node.exe C:\Users\amran\AppData\Roaming\npm\node_modules\firebase-tools\lib\bin\firebase.js init
[debug] [2025-02-21T09:34:21.683Z] CLI Version:   13.31.2
[debug] [2025-02-21T09:34:21.683Z] Platform:      win32
[debug] [2025-02-21T09:34:21.683Z] Node Version:  v22.13.1
[debug] [2025-02-21T09:34:21.683Z] Time:          Fri Feb 21 2025 15:34:21 GMT+0600 (Bangladesh Standard Time)
[debug] [2025-02-21T09:34:21.683Z] ----------------------------------------------------------------------
[debug] 
[debug] [2025-02-21T09:34:21.692Z] > command requires scopes: ["email","openid","https://www.googleapis.com/auth/cloudplatformprojects.readonly","https://www.googleapis.com/auth/firebase","https://www.googleapis.com/auth/cloud-platform"]
[debug] [2025-02-21T09:34:21.692Z] > authorizing via signed-in user (amran.h.akash@gmail.com)
[info] 
     ######## #### ########  ######## ########     ###     ######  ########
     ##        ##  ##     ## ##       ##     ##  ##   ##  ##       ##
     ######    ##  ########  ######   ########  #########  ######  ######
     ##        ##  ##    ##  ##       ##     ## ##     ##       ## ##
     ##       #### ##     ## ######## ########  ##     ##  ######  ########

You're about to initialize a Firebase project in this directory:

  D:\Desktop\new2

[info] 
=== Project Setup
[info] 
[info] First, let's associate this project directory with a Firebase project.
[info] You can create multiple project aliases by running firebase use --add, 
[info] but for now we'll just set up a default project.
[info] 
[debug] [2025-02-21T09:34:50.869Z] Checked if tokens are valid: false, expires at: 1672416002758
[debug] [2025-02-21T09:34:50.869Z] Checked if tokens are valid: false, expires at: 1672416002758
[debug] [2025-02-21T09:34:50.869Z] > refreshing access token with scopes: []
[debug] [2025-02-21T09:34:50.871Z] >>> [apiv2][query] POST https://www.googleapis.com/oauth2/v3/token [none]
[debug] [2025-02-21T09:34:50.871Z] >>> [apiv2][body] POST https://www.googleapis.com/oauth2/v3/token [omitted]
[debug] [2025-02-21T09:34:51.285Z] <<< [apiv2][status] POST https://www.googleapis.com/oauth2/v3/token 400
[debug] [2025-02-21T09:34:51.285Z] <<< [apiv2][body] POST https://www.googleapis.com/oauth2/v3/token [omitted]
[debug] [2025-02-21T09:34:51.286Z] >>> [apiv2][query] GET https://firebase.googleapis.com/v1beta1/projects pageSize=100
[debug] [2025-02-21T09:34:51.611Z] <<< [apiv2][status] GET https://firebase.googleapis.com/v1beta1/projects 401
[debug] [2025-02-21T09:34:51.611Z] <<< [apiv2][body] GET https://firebase.googleapis.com/v1beta1/projects [omitted]
[debug] [2025-02-21T09:34:51.611Z] Got a 401 Unauthenticated error for a call that required authentication. Refreshing tokens.
[debug] [2025-02-21T09:34:51.611Z] Checked if tokens are valid: false, expires at: 1672416002758
[debug] [2025-02-21T09:34:51.611Z] Checked if tokens are valid: false, expires at: 1672416002758
[debug] [2025-02-21T09:34:51.611Z] > refreshing access token with scopes: []
[debug] [2025-02-21T09:34:51.612Z] >>> [apiv2][query] POST https://www.googleapis.com/oauth2/v3/token [none]
[debug] [2025-02-21T09:34:51.613Z] >>> [apiv2][body] POST https://www.googleapis.com/oauth2/v3/token [omitted]
[debug] [2025-02-21T09:34:51.745Z] <<< [apiv2][status] POST https://www.googleapis.com/oauth2/v3/token 400
[debug] [2025-02-21T09:34:51.746Z] <<< [apiv2][body] POST https://www.googleapis.com/oauth2/v3/token [omitted]
[debug] [2025-02-21T09:34:51.748Z] Request to https://firebase.googleapis.com/v1beta1/projects?pageSize=100 had HTTP Error: 401, Request had invalid authentication credentials. Expected OAuth 2 access token, login cookie or other valid authentication credential. See https://developers.google.com/identity/sign-in/web/devconsole-project.
[debug] [2025-02-21T09:34:52.015Z] FirebaseError: Request to https://firebase.googleapis.com/v1beta1/projects?pageSize=100 had HTTP Error: 401, Request had invalid authentication credentials. Expected OAuth 2 access token, login cookie or other valid authentication credential. See https://developers.google.com/identity/sign-in/web/devconsole-project.
    at responseToError (C:\Users\amran\AppData\Roaming\npm\node_modules\firebase-tools\lib\responseToError.js:52:12)
    at RetryOperation._fn (C:\Users\amran\AppData\Roaming\npm\node_modules\firebase-tools\lib\apiv2.js:312:77)
    at process.processTicksAndRejections (node:internal/process/task_queues:105:5)
[error] 
[error] Error: Failed to list Firebase projects. See firebase-debug.log for more info.
